2025-06-06 16:15:10,179 - startup - INFO - 启动文件转换系统
2025-06-06 16:15:10,179 - startup - INFO - 切换到项目目录: /home/vasen/桌面/2025-6-4-1/2025-05-14-16.25
2025-06-06 16:15:10,179 - startup - INFO - 使用虚拟环境: /home/vasen/桌面/2025-6-4-1/2025-05-14-16.25/venv_local
2025-06-06 16:15:10,179 - startup - INFO - 运行脚本: /home/vasen/桌面/2025-6-4-1/2025-05-14-16.25/run.py
2025-06-06 16:43:11,154 - startup - INFO - 启动文件转换系统
2025-06-06 16:43:11,154 - startup - INFO - 切换到项目目录: /home/vasen/桌面/2025-6-4-1/2025-05-14-16.25
2025-06-06 16:43:11,154 - startup - INFO - 使用虚拟环境: /home/vasen/桌面/2025-6-4-1/2025-05-14-16.25/venv_local
2025-06-06 16:43:11,154 - startup - INFO - 运行脚本: /home/vasen/桌面/2025-6-4-1/2025-05-14-16.25/run.py
2025-06-06 16:46:41,747 - startup - INFO - 启动文件转换系统
2025-06-06 16:46:41,747 - startup - INFO - 切换到项目目录: /home/vasen/桌面/2025-6-4-1/2025-05-14-16.25
2025-06-06 16:46:41,747 - startup - INFO - 使用虚拟环境: /home/vasen/桌面/2025-6-4-1/2025-05-14-16.25/venv_local
2025-06-06 16:46:41,747 - startup - INFO - 运行脚本: /home/vasen/桌面/2025-6-4-1/2025-05-14-16.25/run.py
2025-06-06 16:47:07,145 - startup - INFO - 启动文件转换系统
2025-06-06 16:47:07,145 - startup - INFO - 切换到项目目录: /home/vasen/桌面/2025-6-4-1/2025-05-14-16.25
2025-06-06 16:47:07,145 - startup - INFO - 使用虚拟环境: /home/vasen/桌面/2025-6-4-1/2025-05-14-16.25/venv_local
2025-06-06 16:47:07,145 - startup - INFO - 运行脚本: /home/vasen/桌面/2025-6-4-1/2025-05-14-16.25/run.py
2025-06-06 17:00:32,136 - startup - INFO - 启动文件转换系统
2025-06-06 17:00:32,136 - startup - INFO - 切换到项目目录: /home/vasen/桌面/2025-6-4-1/2025-05-14-16.25
2025-06-06 17:00:32,136 - startup - INFO - 使用虚拟环境: /home/vasen/桌面/2025-6-4-1/2025-05-14-16.25/venv_local
2025-06-06 17:00:32,136 - startup - INFO - 运行脚本: /home/vasen/桌面/2025-6-4-1/2025-05-14-16.25/run.py
2025-06-06 17:50:25,799 - startup - INFO - 启动文件转换系统
2025-06-06 17:50:25,799 - startup - INFO - 切换到项目目录: /home/vasen/桌面/2025-6-4-1/2025-05-14-16.25
2025-06-06 17:50:25,799 - startup - INFO - 使用虚拟环境: /home/vasen/桌面/2025-6-4-1/2025-05-14-16.25/venv_local
2025-06-06 17:50:25,799 - startup - INFO - 运行脚本: /home/vasen/桌面/2025-6-4-1/2025-05-14-16.25/run.py
2025-06-09 08:29:00,686 - startup - INFO - 启动文件转换系统
2025-06-09 08:29:00,686 - startup - INFO - 切换到项目目录: /home/vasen/桌面/2025-6-4-1/2025-05-14-16.25
2025-06-09 08:29:00,686 - startup - INFO - 使用虚拟环境: /home/vasen/桌面/2025-6-4-1/2025-05-14-16.25/venv_local
2025-06-09 08:29:00,686 - startup - INFO - 运行脚本: /home/vasen/桌面/2025-6-4-1/2025-05-14-16.25/run.py
2025-06-09 08:51:30,365 - startup - INFO - 启动文件转换系统
2025-06-09 08:51:30,365 - startup - INFO - 切换到项目目录: /home/vasen/桌面/2025-6-4-1/2025-05-14-16.25
2025-06-09 08:51:30,365 - startup - INFO - 使用虚拟环境: /home/vasen/桌面/2025-6-4-1/2025-05-14-16.25/venv_local
2025-06-09 08:51:30,365 - startup - INFO - 运行脚本: /home/vasen/桌面/2025-6-4-1/2025-05-14-16.25/run.py
2025-06-09 09:14:13,389 - startup - INFO - 启动文件转换系统
2025-06-09 09:14:13,389 - startup - INFO - 切换到项目目录: /home/vasen/桌面/2025-6-4-1/2025-05-14-16.25
2025-06-09 09:14:13,389 - startup - INFO - 使用虚拟环境: /home/vasen/桌面/2025-6-4-1/2025-05-14-16.25/venv_local
2025-06-09 09:14:13,389 - startup - INFO - 运行脚本: /home/vasen/桌面/2025-6-4-1/2025-05-14-16.25/run.py
2025-06-09 11:04:31,496 - startup - INFO - 启动文件转换系统
2025-06-09 11:04:31,496 - startup - INFO - 切换到项目目录: /home/vasen/桌面/2025-6-4-1/2025-05-14-16.25
2025-06-09 11:04:31,496 - startup - INFO - 使用虚拟环境: /home/vasen/桌面/2025-6-4-1/2025-05-14-16.25/venv_local
2025-06-09 11:04:31,496 - startup - INFO - 运行脚本: /home/vasen/桌面/2025-6-4-1/2025-05-14-16.25/run.py
2025-06-09 11:07:49,183 - startup - INFO - 启动文件转换系统
2025-06-09 11:07:49,183 - startup - INFO - 切换到项目目录: /home/vasen/桌面/2025-6-4-1/2025-05-14-16.25
2025-06-09 11:07:49,183 - startup - INFO - 使用虚拟环境: /home/vasen/桌面/2025-6-4-1/2025-05-14-16.25/venv_local
2025-06-09 11:07:49,183 - startup - INFO - 运行脚本: /home/vasen/桌面/2025-6-4-1/2025-05-14-16.25/run.py
2025-06-09 11:39:23,148 - startup - INFO - 启动文件转换系统
2025-06-09 11:39:23,149 - startup - INFO - 切换到项目目录: /home/vasen/桌面/2025-6-4-1/2025-05-14-16.25
2025-06-09 11:39:23,149 - startup - INFO - 使用虚拟环境: /home/vasen/桌面/2025-6-4-1/2025-05-14-16.25/venv_local
2025-06-09 11:39:23,149 - startup - INFO - 运行脚本: /home/vasen/桌面/2025-6-4-1/2025-05-14-16.25/run.py
2025-06-09 11:41:32,144 - startup - INFO - 启动文件转换系统
2025-06-09 11:41:32,144 - startup - INFO - 切换到项目目录: /home/vasen/桌面/2025-6-4-1/2025-05-14-16.25
2025-06-09 11:41:32,144 - startup - INFO - 使用虚拟环境: /home/vasen/桌面/2025-6-4-1/2025-05-14-16.25/venv_local
2025-06-09 11:41:32,144 - startup - INFO - 运行脚本: /home/vasen/桌面/2025-6-4-1/2025-05-14-16.25/run.py
2025-06-09 12:02:21,773 - startup - INFO - 启动文件转换系统
2025-06-09 12:02:21,773 - startup - INFO - 切换到项目目录: /home/vasen/桌面/2025-6-4-1/2025-05-14-16.25
2025-06-09 12:02:21,773 - startup - INFO - 使用虚拟环境: /home/vasen/桌面/2025-6-4-1/2025-05-14-16.25/venv_local
2025-06-09 12:02:21,773 - startup - INFO - 运行脚本: /home/vasen/桌面/2025-6-4-1/2025-05-14-16.25/run.py
2025-06-09 12:15:29,763 - startup - INFO - 启动文件转换系统
2025-06-09 12:15:29,763 - startup - INFO - 切换到项目目录: /home/vasen/桌面/2025-6-4-1/2025-05-14-16.25
2025-06-09 12:15:29,763 - startup - INFO - 使用虚拟环境: /home/vasen/桌面/2025-6-4-1/2025-05-14-16.25/venv_local
2025-06-09 12:15:29,763 - startup - INFO - 运行脚本: /home/vasen/桌面/2025-6-4-1/2025-05-14-16.25/run.py
2025-06-09 12:44:43,546 - startup - INFO - 启动文件转换系统
2025-06-09 12:44:43,546 - startup - INFO - 切换到项目目录: /home/vasen/桌面/2025-6-4-1/2025-05-14-16.25
2025-06-09 12:44:43,546 - startup - INFO - 使用虚拟环境: /home/vasen/桌面/2025-6-4-1/2025-05-14-16.25/venv_local
2025-06-09 12:44:43,546 - startup - INFO - 运行脚本: /home/vasen/桌面/2025-6-4-1/2025-05-14-16.25/run.py
2025-06-09 12:55:40,283 - startup - INFO - 启动文件转换系统
2025-06-09 12:55:40,283 - startup - INFO - 切换到项目目录: /home/vasen/桌面/2025-6-4-1/2025-05-14-16.25
2025-06-09 12:55:40,283 - startup - INFO - 使用虚拟环境: /home/vasen/桌面/2025-6-4-1/2025-05-14-16.25/venv_local
2025-06-09 12:55:40,283 - startup - INFO - 运行脚本: /home/vasen/桌面/2025-6-4-1/2025-05-14-16.25/run.py
2025-06-09 13:22:20,426 - startup - INFO - 启动文件转换系统
2025-06-09 13:22:20,426 - startup - INFO - 切换到项目目录: /home/vasen/桌面/2025-6-4-1/2025-05-14-16.25
2025-06-09 13:22:20,426 - startup - INFO - 使用虚拟环境: /home/vasen/桌面/2025-6-4-1/2025-05-14-16.25/venv_local
2025-06-09 13:22:20,426 - startup - INFO - 运行脚本: /home/vasen/桌面/2025-6-4-1/2025-05-14-16.25/run.py
2025-06-09 13:30:28,269 - startup - INFO - 启动文件转换系统
2025-06-09 13:30:28,269 - startup - INFO - 切换到项目目录: /home/vasen/桌面/2025-6-4-1/2025-05-14-16.25
2025-06-09 13:30:28,270 - startup - INFO - 使用虚拟环境: /home/vasen/桌面/2025-6-4-1/2025-05-14-16.25/venv_local
2025-06-09 13:30:28,270 - startup - INFO - 运行脚本: /home/vasen/桌面/2025-6-4-1/2025-05-14-16.25/run.py
2025-06-09 13:39:11,772 - startup - INFO - 启动文件转换系统
2025-06-09 13:39:11,772 - startup - INFO - 切换到项目目录: /home/vasen/桌面/2025-6-4-1/2025-05-14-16.25
2025-06-09 13:39:11,772 - startup - INFO - 使用虚拟环境: /home/vasen/桌面/2025-6-4-1/2025-05-14-16.25/venv_local
2025-06-09 13:39:11,772 - startup - INFO - 运行脚本: /home/vasen/桌面/2025-6-4-1/2025-05-14-16.25/run.py
2025-06-09 13:49:19,814 - startup - INFO - 启动文件转换系统
2025-06-09 13:49:19,814 - startup - INFO - 切换到项目目录: /home/vasen/桌面/2025-6-4-1/2025-05-14-16.25
2025-06-09 13:49:19,814 - startup - INFO - 使用虚拟环境: /home/vasen/桌面/2025-6-4-1/2025-05-14-16.25/venv_local
2025-06-09 13:49:19,814 - startup - INFO - 运行脚本: /home/vasen/桌面/2025-6-4-1/2025-05-14-16.25/run.py
2025-06-09 14:34:14,004 - startup - INFO - 启动文件转换系统
2025-06-09 14:34:14,004 - startup - INFO - 切换到项目目录: /home/vasen/桌面/2025-6-4-1/2025-05-14-16.25
2025-06-09 14:34:14,004 - startup - INFO - 使用虚拟环境: /home/vasen/桌面/2025-6-4-1/2025-05-14-16.25/venv_local
2025-06-09 14:34:14,004 - startup - INFO - 运行脚本: /home/vasen/桌面/2025-6-4-1/2025-05-14-16.25/run.py
2025-06-10 09:16:38,937 - startup - INFO - 启动文件转换系统
2025-06-10 09:16:38,938 - startup - INFO - 切换到项目目录: /home/vasen/桌面/2025-6-4-1/2025-05-14-16.25
2025-06-10 09:16:38,938 - startup - INFO - 使用虚拟环境: /home/vasen/桌面/2025-6-4-1/2025-05-14-16.25/venv_local
2025-06-10 09:16:38,938 - startup - INFO - 运行脚本: /home/vasen/桌面/2025-6-4-1/2025-05-14-16.25/run.py
2025-06-10 12:21:04,026 - startup - INFO - 启动文件转换系统
2025-06-10 12:21:04,026 - startup - INFO - 切换到项目目录: /home/vasen/桌面/2025-6-4-1/2025-05-14-16.25
2025-06-10 12:21:04,026 - startup - INFO - 使用虚拟环境: /home/vasen/桌面/2025-6-4-1/2025-05-14-16.25/venv_local
2025-06-10 12:21:04,026 - startup - INFO - 运行脚本: /home/vasen/桌面/2025-6-4-1/2025-05-14-16.25/run.py
2025-06-11 11:58:24,588 - startup - INFO - 启动文件转换系统
2025-06-11 11:58:24,589 - startup - INFO - 切换到项目目录: /home/vasen/桌面/2025-6-11/2025-05-14-16.25
2025-06-11 11:58:24,589 - startup - INFO - 使用虚拟环境: /home/vasen/桌面/2025-6-11/2025-05-14-16.25/venv_local
2025-06-11 11:58:24,589 - startup - INFO - 运行脚本: /home/vasen/桌面/2025-6-11/2025-05-14-16.25/run.py
2025-06-11 12:17:30,935 - startup - INFO - 启动文件转换系统
2025-06-11 12:17:30,936 - startup - INFO - 切换到项目目录: /home/vasen/桌面/2025-6-11/2025-05-14-16.25
2025-06-11 12:17:30,936 - startup - INFO - 使用虚拟环境: /home/vasen/桌面/2025-6-11/2025-05-14-16.25/venv_local
2025-06-11 12:17:30,936 - startup - INFO - 运行脚本: /home/vasen/桌面/2025-6-11/2025-05-14-16.25/run.py
2025-06-11 12:43:42,837 - startup - INFO - 启动文件转换系统
2025-06-11 12:43:42,837 - startup - INFO - 切换到项目目录: /home/vasen/桌面/2025-6-11/2025-05-14-16.25
2025-06-11 12:43:42,837 - startup - INFO - 使用虚拟环境: /home/vasen/桌面/2025-6-11/2025-05-14-16.25/venv_local
2025-06-11 12:43:42,837 - startup - INFO - 运行脚本: /home/vasen/桌面/2025-6-11/2025-05-14-16.25/run.py
2025-06-11 12:46:48,120 - startup - INFO - 启动文件转换系统
2025-06-11 12:46:48,120 - startup - INFO - 切换到项目目录: /home/vasen/桌面/2025-6-11/2025-05-14-16.25
2025-06-11 12:46:48,120 - startup - INFO - 使用虚拟环境: /home/vasen/桌面/2025-6-11/2025-05-14-16.25/venv_local
2025-06-11 12:46:48,120 - startup - INFO - 运行脚本: /home/vasen/桌面/2025-6-11/2025-05-14-16.25/run.py
2025-06-11 13:15:37,312 - startup - INFO - 启动文件转换系统
2025-06-11 13:15:37,313 - startup - INFO - 切换到项目目录: /home/vasen/桌面/2025-6-11/2025-05-14-16.25
2025-06-11 13:15:37,313 - startup - INFO - 使用虚拟环境: /home/vasen/桌面/2025-6-11/2025-05-14-16.25/venv_local
2025-06-11 13:15:37,313 - startup - INFO - 运行脚本: /home/vasen/桌面/2025-6-11/2025-05-14-16.25/run.py
2025-06-11 14:14:07,418 - startup - INFO - 启动文件转换系统
2025-06-11 14:14:07,418 - startup - INFO - 切换到项目目录: /home/vasen/桌面/2025-6-11/2025-05-14-16.25
2025-06-11 14:14:07,418 - startup - INFO - 使用虚拟环境: /home/vasen/桌面/2025-6-11/2025-05-14-16.25/venv_local
2025-06-11 14:14:07,418 - startup - INFO - 运行脚本: /home/vasen/桌面/2025-6-11/2025-05-14-16.25/run.py
